<?xml version="1.0" encoding="UTF-8"?>
<testsuite name="com.ricoh.printservice.PrintServiceTest" tests="4" skipped="0" failures="4" errors="0" timestamp="2026-04-01T16:45:40.355Z" hostname="OMAR-HOSSAM" time="63.314">
  <properties/>
  <testcase name="PclEncoder should correctly encode a black pixel" classname="com.ricoh.printservice.PrintServiceTest" time="63.233">
    <failure message="java.lang.NoClassDefFoundError: android/webkit/RoboCookieManager" type="java.lang.NoClassDefFoundError">java.lang.NoClassDefFoundError: android/webkit/RoboCookieManager
	at org.robolectric.Shadows.reset(Shadows.java:2748)
	at org.robolectric.android.internal.AndroidTestEnvironment.resetState(AndroidTestEnvironment.java:667)
	at org.robolectric.RobolectricTestRunner.lambda$finallyAfterTest$0(RobolectricTestRunner.java:370)
	at org.robolectric.util.PerfStatsCollector.measure(PerfStatsCollector.java:86)
	at org.robolectric.RobolectricTestRunner.finallyAfterTest(RobolectricTestRunner.java:368)
	at org.robolectric.internal.SandboxTestRunner$2.lambda$evaluate$2(SandboxTestRunner.java:298)
	at org.robolectric.internal.bytecode.Sandbox.lambda$runOnMainThread$0(Sandbox.java:101)
	at java.base/java.util.concurrent.FutureTask.run(FutureTask.java:317)
	at java.base/java.util.concurrent.ThreadPoolExecutor.runWorker(ThreadPoolExecutor.java:1144)
	at java.base/java.util.concurrent.ThreadPoolExecutor$Worker.run(ThreadPoolExecutor.java:642)
	at java.base/java.lang.Thread.run(Thread.java:1575)
Caused by: java.lang.ClassNotFoundException: couldn't load android.webkit.RoboCookieManager
	at org.robolectric.internal.bytecode.SandboxClassLoader.maybeInstrumentClass(SandboxClassLoader.java:164)
	at org.robolectric.internal.bytecode.SandboxClassLoader.lambda$loadClass$0(SandboxClassLoader.java:136)
	at org.robolectric.util.PerfStatsCollector.measure(PerfStatsCollector.java:53)
	at org.robolectric.internal.bytecode.SandboxClassLoader.loadClass(SandboxClassLoader.java:136)
	at java.base/java.lang.ClassLoader.loadClass(ClassLoader.java:528)
	... 11 more
Caused by: java.lang.IllegalArgumentException: Unsupported class file major version 67
	at org.objectweb.asm.ClassReader.&lt;init&gt;(ClassReader.java:200)
	at org.objectweb.asm.ClassReader.&lt;init&gt;(ClassReader.java:180)
	at org.objectweb.asm.ClassReader.&lt;init&gt;(ClassReader.java:166)
	at org.robolectric.internal.bytecode.ClassNodeProvider.createClassNode(ClassNodeProvider.java:24)
	at org.robolectric.internal.bytecode.ClassNodeProvider.getClassNode(ClassNodeProvider.java:16)
	at org.robolectric.internal.bytecode.InstrumentingClassWriter.typeInfo(InstrumentingClassWriter.java:115)
	at org.robolectric.internal.bytecode.InstrumentingClassWriter.getCommonSuperClass(InstrumentingClassWriter.java:36)
	at org.objectweb.asm.SymbolTable.addMergedType(SymbolTable.java:1264)
	at org.objectweb.asm.Frame.merge(Frame.java:1311)
	at org.objectweb.asm.Frame.merge(Frame.java:1218)
	at org.objectweb.asm.MethodWriter.computeAllFrames(MethodWriter.java:1612)
	at org.objectweb.asm.MethodWriter.visitMaxs(MethodWriter.java:1548)
	at org.objectweb.asm.MethodVisitor.visitMaxs(MethodVisitor.java:786)
	at org.objectweb.asm.tree.MethodNode.accept(MethodNode.java:767)
	at org.objectweb.asm.tree.MethodNode.accept(MethodNode.java:647)
	at org.objectweb.asm.tree.ClassNode.accept(ClassNode.java:468)
	at org.robolectric.internal.bytecode.ClassInstrumentor.instrumentToBytes(ClassInstrumentor.java:125)
	at org.robolectric.internal.bytecode.ClassInstrumentor.lambda$instrument$1(ClassInstrumentor.java:140)
	at org.robolectric.util.PerfStatsCollector.measure(PerfStatsCollector.java:53)
	at org.robolectric.internal.bytecode.ClassInstrumentor.instrument(ClassInstrumentor.java:140)
	at org.robolectric.internal.bytecode.SandboxClassLoader.maybeInstrumentClass(SandboxClassLoader.java:156)
	... 15 more
</failure>
  </testcase>
  <testcase name="RicohPrintService should send data to printer via socket" classname="com.ricoh.printservice.PrintServiceTest" time="0.023">
    <failure message="java.lang.NoClassDefFoundError: android/webkit/RoboCookieManager" type="java.lang.NoClassDefFoundError">java.lang.NoClassDefFoundError: android/webkit/RoboCookieManager
	at org.robolectric.Shadows.reset(Shadows.java:2748)
	at org.robolectric.android.internal.AndroidTestEnvironment.resetState(AndroidTestEnvironment.java:667)
	at org.robolectric.RobolectricTestRunner.lambda$finallyAfterTest$0(RobolectricTestRunner.java:370)
	at org.robolectric.util.PerfStatsCollector.measure(PerfStatsCollector.java:86)
	at org.robolectric.RobolectricTestRunner.finallyAfterTest(RobolectricTestRunner.java:368)
	at org.robolectric.internal.SandboxTestRunner$2.lambda$evaluate$2(SandboxTestRunner.java:298)
	at org.robolectric.internal.bytecode.Sandbox.lambda$runOnMainThread$0(Sandbox.java:101)
	at java.base/java.util.concurrent.FutureTask.run(FutureTask.java:317)
	at java.base/java.util.concurrent.ThreadPoolExecutor.runWorker(ThreadPoolExecutor.java:1144)
	at java.base/java.util.concurrent.ThreadPoolExecutor$Worker.run(ThreadPoolExecutor.java:642)
	at java.base/java.lang.Thread.run(Thread.java:1575)
Caused by: java.lang.ClassNotFoundException: couldn't load android.webkit.RoboCookieManager
	at org.robolectric.internal.bytecode.SandboxClassLoader.maybeInstrumentClass(SandboxClassLoader.java:164)
	at org.robolectric.internal.bytecode.SandboxClassLoader.lambda$loadClass$0(SandboxClassLoader.java:136)
	at org.robolectric.util.PerfStatsCollector.measure(PerfStatsCollector.java:53)
	at org.robolectric.internal.bytecode.SandboxClassLoader.loadClass(SandboxClassLoader.java:136)
	at java.base/java.lang.ClassLoader.loadClass(ClassLoader.java:528)
	... 11 more
Caused by: java.lang.IllegalArgumentException: Unsupported class file major version 67
	at org.objectweb.asm.ClassReader.&lt;init&gt;(ClassReader.java:200)
	at org.objectweb.asm.ClassReader.&lt;init&gt;(ClassReader.java:180)
	at org.objectweb.asm.ClassReader.&lt;init&gt;(ClassReader.java:166)
	at org.robolectric.internal.bytecode.ClassNodeProvider.createClassNode(ClassNodeProvider.java:24)
	at org.robolectric.internal.bytecode.ClassNodeProvider.getClassNode(ClassNodeProvider.java:16)
	at org.robolectric.internal.bytecode.InstrumentingClassWriter.typeInfo(InstrumentingClassWriter.java:115)
	at org.robolectric.internal.bytecode.InstrumentingClassWriter.getCommonSuperClass(InstrumentingClassWriter.java:36)
	at org.objectweb.asm.SymbolTable.addMergedType(SymbolTable.java:1264)
	at org.objectweb.asm.Frame.merge(Frame.java:1311)
	at org.objectweb.asm.Frame.merge(Frame.java:1218)
	at org.objectweb.asm.MethodWriter.computeAllFrames(MethodWriter.java:1612)
	at org.objectweb.asm.MethodWriter.visitMaxs(MethodWriter.java:1548)
	at org.objectweb.asm.MethodVisitor.visitMaxs(MethodVisitor.java:786)
	at org.objectweb.asm.tree.MethodNode.accept(MethodNode.java:767)
	at org.objectweb.asm.tree.MethodNode.accept(MethodNode.java:647)
	at org.objectweb.asm.tree.ClassNode.accept(ClassNode.java:468)
	at org.robolectric.internal.bytecode.ClassInstrumentor.instrumentToBytes(ClassInstrumentor.java:125)
	at org.robolectric.internal.bytecode.ClassInstrumentor.lambda$instrument$1(ClassInstrumentor.java:140)
	at org.robolectric.util.PerfStatsCollector.measure(PerfStatsCollector.java:53)
	at org.robolectric.internal.bytecode.ClassInstrumentor.instrument(ClassInstrumentor.java:140)
	at org.robolectric.internal.bytecode.SandboxClassLoader.maybeInstrumentClass(SandboxClassLoader.java:156)
	... 15 more
</failure>
  </testcase>
  <testcase name="PclEncoder should generate correct PCL header and footer" classname="com.ricoh.printservice.PrintServiceTest" time="0.028">
    <failure message="java.lang.NoClassDefFoundError: android/webkit/RoboCookieManager" type="java.lang.NoClassDefFoundError">java.lang.NoClassDefFoundError: android/webkit/RoboCookieManager
	at org.robolectric.Shadows.reset(Shadows.java:2748)
	at org.robolectric.android.internal.AndroidTestEnvironment.resetState(AndroidTestEnvironment.java:667)
	at org.robolectric.RobolectricTestRunner.lambda$finallyAfterTest$0(RobolectricTestRunner.java:370)
	at org.robolectric.util.PerfStatsCollector.measure(PerfStatsCollector.java:86)
	at org.robolectric.RobolectricTestRunner.finallyAfterTest(RobolectricTestRunner.java:368)
	at org.robolectric.internal.SandboxTestRunner$2.lambda$evaluate$2(SandboxTestRunner.java:298)
	at org.robolectric.internal.bytecode.Sandbox.lambda$runOnMainThread$0(Sandbox.java:101)
	at java.base/java.util.concurrent.FutureTask.run(FutureTask.java:317)
	at java.base/java.util.concurrent.ThreadPoolExecutor.runWorker(ThreadPoolExecutor.java:1144)
	at java.base/java.util.concurrent.ThreadPoolExecutor$Worker.run(ThreadPoolExecutor.java:642)
	at java.base/java.lang.Thread.run(Thread.java:1575)
Caused by: java.lang.ClassNotFoundException: couldn't load android.webkit.RoboCookieManager
	at org.robolectric.internal.bytecode.SandboxClassLoader.maybeInstrumentClass(SandboxClassLoader.java:164)
	at org.robolectric.internal.bytecode.SandboxClassLoader.lambda$loadClass$0(SandboxClassLoader.java:136)
	at org.robolectric.util.PerfStatsCollector.measure(PerfStatsCollector.java:53)
	at org.robolectric.internal.bytecode.SandboxClassLoader.loadClass(SandboxClassLoader.java:136)
	at java.base/java.lang.ClassLoader.loadClass(ClassLoader.java:528)
	... 11 more
Caused by: java.lang.IllegalArgumentException: Unsupported class file major version 67
	at org.objectweb.asm.ClassReader.&lt;init&gt;(ClassReader.java:200)
	at org.objectweb.asm.ClassReader.&lt;init&gt;(ClassReader.java:180)
	at org.objectweb.asm.ClassReader.&lt;init&gt;(ClassReader.java:166)
	at org.robolectric.internal.bytecode.ClassNodeProvider.createClassNode(ClassNodeProvider.java:24)
	at org.robolectric.internal.bytecode.ClassNodeProvider.getClassNode(ClassNodeProvider.java:16)
	at org.robolectric.internal.bytecode.InstrumentingClassWriter.typeInfo(InstrumentingClassWriter.java:115)
	at org.robolectric.internal.bytecode.InstrumentingClassWriter.getCommonSuperClass(InstrumentingClassWriter.java:36)
	at org.objectweb.asm.SymbolTable.addMergedType(SymbolTable.java:1264)
	at org.objectweb.asm.Frame.merge(Frame.java:1311)
	at org.objectweb.asm.Frame.merge(Frame.java:1218)
	at org.objectweb.asm.MethodWriter.computeAllFrames(MethodWriter.java:1612)
	at org.objectweb.asm.MethodWriter.visitMaxs(MethodWriter.java:1548)
	at org.objectweb.asm.MethodVisitor.visitMaxs(MethodVisitor.java:786)
	at org.objectweb.asm.tree.MethodNode.accept(MethodNode.java:767)
	at org.objectweb.asm.tree.MethodNode.accept(MethodNode.java:647)
	at org.objectweb.asm.tree.ClassNode.accept(ClassNode.java:468)
	at org.robolectric.internal.bytecode.ClassInstrumentor.instrumentToBytes(ClassInstrumentor.java:125)
	at org.robolectric.internal.bytecode.ClassInstrumentor.lambda$instrument$1(ClassInstrumentor.java:140)
	at org.robolectric.util.PerfStatsCollector.measure(PerfStatsCollector.java:53)
	at org.robolectric.internal.bytecode.ClassInstrumentor.instrument(ClassInstrumentor.java:140)
	at org.robolectric.internal.bytecode.SandboxClassLoader.maybeInstrumentClass(SandboxClassLoader.java:156)
	... 15 more
</failure>
  </testcase>
  <testcase name="PclEncoder should correctly encode Arabic-like pattern" classname="com.ricoh.printservice.PrintServiceTest" time="0.028">
    <failure message="java.lang.NoClassDefFoundError: android/webkit/RoboCookieManager" type="java.lang.NoClassDefFoundError">java.lang.NoClassDefFoundError: android/webkit/RoboCookieManager
	at org.robolectric.Shadows.reset(Shadows.java:2748)
	at org.robolectric.android.internal.AndroidTestEnvironment.resetState(AndroidTestEnvironment.java:667)
	at org.robolectric.RobolectricTestRunner.lambda$finallyAfterTest$0(RobolectricTestRunner.java:370)
	at org.robolectric.util.PerfStatsCollector.measure(PerfStatsCollector.java:86)
	at org.robolectric.RobolectricTestRunner.finallyAfterTest(RobolectricTestRunner.java:368)
	at org.robolectric.internal.SandboxTestRunner$2.lambda$evaluate$2(SandboxTestRunner.java:298)
	at org.robolectric.internal.bytecode.Sandbox.lambda$runOnMainThread$0(Sandbox.java:101)
	at java.base/java.util.concurrent.FutureTask.run(FutureTask.java:317)
	at java.base/java.util.concurrent.ThreadPoolExecutor.runWorker(ThreadPoolExecutor.java:1144)
	at java.base/java.util.concurrent.ThreadPoolExecutor$Worker.run(ThreadPoolExecutor.java:642)
	at java.base/java.lang.Thread.run(Thread.java:1575)
Caused by: java.lang.ClassNotFoundException: couldn't load android.webkit.RoboCookieManager
	at org.robolectric.internal.bytecode.SandboxClassLoader.maybeInstrumentClass(SandboxClassLoader.java:164)
	at org.robolectric.internal.bytecode.SandboxClassLoader.lambda$loadClass$0(SandboxClassLoader.java:136)
	at org.robolectric.util.PerfStatsCollector.measure(PerfStatsCollector.java:53)
	at org.robolectric.internal.bytecode.SandboxClassLoader.loadClass(SandboxClassLoader.java:136)
	at java.base/java.lang.ClassLoader.loadClass(ClassLoader.java:528)
	... 11 more
Caused by: java.lang.IllegalArgumentException: Unsupported class file major version 67
	at org.objectweb.asm.ClassReader.&lt;init&gt;(ClassReader.java:200)
	at org.objectweb.asm.ClassReader.&lt;init&gt;(ClassReader.java:180)
	at org.objectweb.asm.ClassReader.&lt;init&gt;(ClassReader.java:166)
	at org.robolectric.internal.bytecode.ClassNodeProvider.createClassNode(ClassNodeProvider.java:24)
	at org.robolectric.internal.bytecode.ClassNodeProvider.getClassNode(ClassNodeProvider.java:16)
	at org.robolectric.internal.bytecode.InstrumentingClassWriter.typeInfo(InstrumentingClassWriter.java:115)
	at org.robolectric.internal.bytecode.InstrumentingClassWriter.getCommonSuperClass(InstrumentingClassWriter.java:36)
	at org.objectweb.asm.SymbolTable.addMergedType(SymbolTable.java:1264)
	at org.objectweb.asm.Frame.merge(Frame.java:1311)
	at org.objectweb.asm.Frame.merge(Frame.java:1218)
	at org.objectweb.asm.MethodWriter.computeAllFrames(MethodWriter.java:1612)
	at org.objectweb.asm.MethodWriter.visitMaxs(MethodWriter.java:1548)
	at org.objectweb.asm.MethodVisitor.visitMaxs(MethodVisitor.java:786)
	at org.objectweb.asm.tree.MethodNode.accept(MethodNode.java:767)
	at org.objectweb.asm.tree.MethodNode.accept(MethodNode.java:647)
	at org.objectweb.asm.tree.ClassNode.accept(ClassNode.java:468)
	at org.robolectric.internal.bytecode.ClassInstrumentor.instrumentToBytes(ClassInstrumentor.java:125)
	at org.robolectric.internal.bytecode.ClassInstrumentor.lambda$instrument$1(ClassInstrumentor.java:140)
	at org.robolectric.util.PerfStatsCollector.measure(PerfStatsCollector.java:53)
	at org.robolectric.internal.bytecode.ClassInstrumentor.instrument(ClassInstrumentor.java:140)
	at org.robolectric.internal.bytecode.SandboxClassLoader.maybeInstrumentClass(SandboxClassLoader.java:156)
	... 15 more
</failure>
  </testcase>
  <system-out><![CDATA[WARNING: No manifest file found at .\AndroidManifest.xml.
Falling back to the Android OS resources only.
To remove this warning, annotate your test class with @Config(manifest=Config.NONE).
]]></system-out>
  <system-err><![CDATA[No such manifest file: .\AndroidManifest.xml
]]></system-err>
</testsuite>
